
=== Wed Nov 17 21:50:08 2021

Packages were changed.
Update Mode: updateDependencies

The following packages were added:
  com.unity.analytics@3.2.3
  com.unity.purchasing@2.2.1
  com.unity.ads@2.0.8
  com.unity.package-manager-ui@2.0.13

=== Wed Nov 17 22:35:12 2021

Packages were changed.
Update Mode: updateDependencies

The following packages were added:
  com.unity.2d.sprite@1.0.0
  com.unity.2d.tilemap@1.0.0
  com.unity.xr.legacyinputhelpers@2.1.7
The following packages were updated:
  com.unity.ads from version 2.0.8 to 3.7.1
  com.unity.analytics from version 3.2.3 to 3.5.3
  com.unity.purchasing from version 2.2.1 to 3.2.2
The following packages were removed:
  com.unity.package-manager-ui@2.0.13

=== Fri Nov 26 23:50:20 2021

Packages were changed.
Update Mode: updateDependencies

The following packages were updated:
  com.unity.ads from version 3.7.1 to 3.7.5
  com.unity.analytics from version 3.5.3 to 3.6.11
  com.unity.collab-proxy from version 1.9.0 to 1.15.1
  com.unity.purchasing from version 3.2.2 to 4.0.3
  com.unity.xr.legacyinputhelpers from version 2.1.7 to 2.1.8

=== Sat Nov 27 12:23:25 2021

Packages were changed.
Update Mode: updateDependencies

The following packages were updated:
  com.unity.analytics from version 3.6.11 to 3.6.12
  com.unity.ide.rider from version 2.0.7 to 3.0.7
  com.unity.purchasing from version 4.0.3 to 4.1.1
  com.unity.timeline from version 1.4.8 to 1.6.2
